  [1m[35m (285.0ms)[0m  [1m[35mCREATE DATABASE "music_app_development" ENCODING = 'unicode'[0m
  ↳ bin/rails:9
  [1m[35m (120.6ms)[0m  [1m[35mCREATE DATABASE "music_app_test" ENCODING = 'unicode'[0m
  ↳ bin/rails:9
  [1m[35m (20.0ms)[0m  [1m[35mCREATE TABLE "schema_migrations" ("version" character varying NOT NULL PRIMARY KEY)[0m
  ↳ bin/rails:9
  [1m[35m (9.7ms)[0m  [1m[35mCREATE TABLE "ar_internal_metadata" ("key" character varying NOT NULL PRIMARY KEY, "value" character varying, "created_at" timestamp NOT NULL, "updated_at" timestamp NOT NULL)[0m
  ↳ bin/rails:9
  [1m[35m (0.3ms)[0m  [1m[34mSELECT pg_try_advisory_lock(4505726345591715405)[0m
  ↳ bin/rails:9
  [1m[35m (0.8ms)[0m  [1m[34mSELECT "schema_migrations"."version" FROM "schema_migrations" ORDER BY "schema_migrations"."version" ASC[0m
  ↳ bin/rails:9
Migrating to CreateUsers (20220315152542)
  [1m[35m (0.3ms)[0m  [1m[35mBEGIN[0m
  ↳ bin/rails:9
  [1m[35m (12.9ms)[0m  [1m[35mCREATE TABLE "users" ("id" bigserial primary key, "email" character varying NOT NULL, "password_digest" character varying NOT NULL, "session_token" character varying NOT NULL, "created_at" timestamp NOT NULL, "updated_at" timestamp NOT NULL)[0m
  ↳ db/migrate/20220315152542_create_users.rb:3
  [1m[35m (11.0ms)[0m  [1m[35mCREATE UNIQUE INDEX  "index_users_on_email" ON "users"  ("email")[0m
  ↳ db/migrate/20220315152542_create_users.rb:10
  [1m[35m (4.7ms)[0m  [1m[35mCREATE UNIQUE INDEX  "index_users_on_session_token" ON "users"  ("session_token")[0m
  ↳ db/migrate/20220315152542_create_users.rb:11
  [1m[36mActiveRecord::SchemaMigration Create (2.8ms)[0m  [1m[32mINSERT INTO "schema_migrations" ("version") VALUES ($1) RETURNING "version"[0m  [["version", "20220315152542"]]
  ↳ bin/rails:9
  [1m[35m (0.7ms)[0m  [1m[35mCOMMIT[0m
  ↳ bin/rails:9
  [1m[36mActiveRecord::InternalMetadata Load (0.8ms)[0m  [1m[34mSELECT  "ar_internal_metadata".* FROM "ar_internal_metadata" WHERE "ar_internal_metadata"."key" = $1 LIMIT $2[0m  [["key", "environment"], ["LIMIT", 1]]
  ↳ bin/rails:9
  [1m[35m (0.3ms)[0m  [1m[35mBEGIN[0m
  ↳ bin/rails:9
  [1m[36mActiveRecord::InternalMetadata Create (1.2ms)[0m  [1m[32mINSERT INTO "ar_internal_metadata" ("key", "value", "created_at", "updated_at") VALUES ($1, $2, $3, $4) RETURNING "key"[0m  [["key", "environment"], ["value", "development"], ["created_at", "2022-03-15 15:28:05.192916"], ["updated_at", "2022-03-15 15:28:05.192916"]]
  ↳ bin/rails:9
  [1m[35m (2.4ms)[0m  [1m[35mCOMMIT[0m
  ↳ bin/rails:9
  [1m[35m (0.4ms)[0m  [1m[34mSELECT pg_advisory_unlock(4505726345591715405)[0m
  ↳ bin/rails:9
  [1m[35m (0.3ms)[0m  [1m[34mSELECT "schema_migrations"."version" FROM "schema_migrations" ORDER BY "schema_migrations"."version" ASC[0m
  ↳ bin/rails:9
Started GET "/" for ::1 at 2022-03-15 11:59:10 -0400
  [1m[35m (1.2ms)[0m  [1m[34mSELECT "schema_migrations"."version" FROM "schema_migrations" ORDER BY "schema_migrations"."version" ASC[0m
  ↳ /Users/appacademystudent/.rbenv/versions/2.5.1/lib/ruby/gems/2.5.0/gems/activerecord-5.2.7/lib/active_record/log_subscriber.rb:98
Processing by Rails::WelcomeController#index as HTML
  Rendering /Users/appacademystudent/.rbenv/versions/2.5.1/lib/ruby/gems/2.5.0/gems/railties-5.2.7/lib/rails/templates/rails/welcome/index.html.erb
  Rendered /Users/appacademystudent/.rbenv/versions/2.5.1/lib/ruby/gems/2.5.0/gems/railties-5.2.7/lib/rails/templates/rails/welcome/index.html.erb (6.1ms)
Completed 200 OK in 38ms (Views: 21.6ms | ActiveRecord: 0.0ms)


Started GET "/users/new" for ::1 at 2022-03-15 11:59:16 -0400
Processing by UsersController#new as HTML
  [1m[36mUser Load (1.9ms)[0m  [1m[34mSELECT  "users".* FROM "users" WHERE "users"."session_token" IS NULL LIMIT $1[0m  [["LIMIT", 1]]
  ↳ app/controllers/application_controller.rb:3
  Rendering users/new.html.erb within layouts/application
  Rendered users/new.html.erb within layouts/application (1.0ms)
Completed 200 OK in 496ms (Views: 467.9ms | ActiveRecord: 8.9ms)


Started GET "/users/new" for ::1 at 2022-03-15 11:59:44 -0400
Processing by UsersController#new as HTML
  [1m[36mUser Load (1.0ms)[0m  [1m[34mSELECT  "users".* FROM "users" WHERE "users"."session_token" IS NULL LIMIT $1[0m  [["LIMIT", 1]]
  ↳ app/controllers/application_controller.rb:3
  Rendering users/new.html.erb within layouts/application
  Rendered users/new.html.erb within layouts/application (0.7ms)
Completed 200 OK in 77ms (Views: 72.6ms | ActiveRecord: 1.0ms)


Started POST "/users" for ::1 at 2022-03-15 12:00:08 -0400
Processing by UsersController#create as HTML
  Parameters: {"users"=>{":email"=>"joe@test.com", ":password"=>"[FILTERED]"}}
Can't verify CSRF token authenticity.
Completed 422 Unprocessable Entity in 1ms (ActiveRecord: 0.0ms)



ActionController::InvalidAuthenticityToken - ActionController::InvalidAuthenticityToken:

Started POST "/__better_errors/f48817d9413f04d4/variables" for ::1 at 2022-03-15 12:00:08 -0400
Started GET "/users/new" for ::1 at 2022-03-15 12:00:50 -0400
Processing by UsersController#new as HTML
  [1m[36mUser Load (1.9ms)[0m  [1m[34mSELECT  "users".* FROM "users" WHERE "users"."session_token" IS NULL LIMIT $1[0m  [["LIMIT", 1]]
  ↳ app/controllers/application_controller.rb:3
  Rendering users/new.html.erb within layouts/application
  Rendered users/new.html.erb within layouts/application (1.1ms)
Completed 200 OK in 72ms (Views: 66.5ms | ActiveRecord: 1.9ms)


Started POST "/users" for ::1 at 2022-03-15 12:00:56 -0400
Processing by UsersController#create as HTML
  Parameters: {"authenticity_token"=>"9kbubnE0p4lLrr0B626o19cx9Z/snv7TMC7Zos+WHr+SuZLjvCaEyBbJeEN0HfjNo8rbYIi/N2c0vsKkPmLgAw==", "users"=>{":email"=>"joe@test.com", ":password"=>"[FILTERED]"}}
  [1m[36mUser Load (0.9ms)[0m  [1m[34mSELECT  "users".* FROM "users" WHERE "users"."session_token" IS NULL LIMIT $1[0m  [["LIMIT", 1]]
  ↳ app/controllers/application_controller.rb:3
Completed 500 Internal Server Error in 352ms (ActiveRecord: 0.9ms)



NameError - undefined local variable or method `user_params' for #<UsersController:0x00007ffd08155510>
Did you mean?  user_path:
  app/controllers/users_controller.rb:11:in `create'

Started POST "/__better_errors/9a819c5b58223c02/variables" for ::1 at 2022-03-15 12:00:57 -0400
Started GET "/users/new" for ::1 at 2022-03-15 12:01:31 -0400
Processing by UsersController#new as HTML
  [1m[36mUser Load (1.3ms)[0m  [1m[34mSELECT  "users".* FROM "users" WHERE "users"."session_token" IS NULL LIMIT $1[0m  [["LIMIT", 1]]
  ↳ app/controllers/application_controller.rb:3
  Rendering users/new.html.erb within layouts/application
  Rendered users/new.html.erb within layouts/application (0.9ms)
Completed 200 OK in 68ms (Views: 51.2ms | ActiveRecord: 8.8ms)


Started POST "/users" for ::1 at 2022-03-15 12:01:36 -0400
Processing by UsersController#create as HTML
  Parameters: {"authenticity_token"=>"V6KtRXXF0Jw/ruSHN6yi97rzAwwPJCS3MRowY7ldcHMzXdHIuNfz3WLJIcWo3/Ltzggt82sF7QM1iitlSKmOzw==", "users"=>{":email"=>"joe@test.com", ":password"=>"[FILTERED]"}}
  [1m[36mUser Load (1.9ms)[0m  [1m[34mSELECT  "users".* FROM "users" WHERE "users"."session_token" IS NULL LIMIT $1[0m  [["LIMIT", 1]]
  ↳ app/controllers/application_controller.rb:3
Completed 400 Bad Request in 6ms (ActiveRecord: 1.9ms)



ActionController::ParameterMissing - param is missing or the value is empty: user:
  app/controllers/users_controller.rb:29:in `user_params'
  app/controllers/users_controller.rb:11:in `create'

Started POST "/__better_errors/aad263f9296f7903/variables" for ::1 at 2022-03-15 12:01:36 -0400
Started GET "/users/new" for ::1 at 2022-03-15 12:02:09 -0400
Processing by UsersController#new as HTML
  [1m[36mUser Load (3.5ms)[0m  [1m[34mSELECT  "users".* FROM "users" WHERE "users"."session_token" IS NULL LIMIT $1[0m  [["LIMIT", 1]]
  ↳ app/controllers/application_controller.rb:3
  Rendering users/new.html.erb within layouts/application
  Rendered users/new.html.erb within layouts/application (0.7ms)
Completed 200 OK in 67ms (Views: 59.4ms | ActiveRecord: 3.5ms)


Started POST "/users" for ::1 at 2022-03-15 12:02:21 -0400
Processing by UsersController#create as HTML
  Parameters: {"authenticity_token"=>"nlaT5a5S/n3821nN/As/hpc1qs4iQydwruxQdPVSKJH6qe9oY0DdPKG8nI9jeG+c486EMUZi7sSqfEtyBKbWLQ==", "user"=>{":email"=>"joe@test.com", ":password"=>"[FILTERED]"}}
  [1m[36mUser Load (1.5ms)[0m  [1m[34mSELECT  "users".* FROM "users" WHERE "users"."session_token" IS NULL LIMIT $1[0m  [["LIMIT", 1]]
  ↳ app/controllers/application_controller.rb:3
Unpermitted parameters: ::email, ::password
  [1m[35m (0.4ms)[0m  [1m[35mBEGIN[0m
  ↳ app/controllers/users_controller.rb:13
  [1m[36mUser Exists (0.9ms)[0m  [1m[34mSELECT  1 AS one FROM "users" WHERE "users"."email" IS NULL LIMIT $1[0m  [["LIMIT", 1]]
  ↳ app/controllers/users_controller.rb:13
  [1m[36mUser Exists (0.8ms)[0m  [1m[34mSELECT  1 AS one FROM "users" WHERE "users"."session_token" IS NULL LIMIT $1[0m  [["LIMIT", 1]]
  ↳ app/controllers/users_controller.rb:13
  [1m[35m (1.2ms)[0m  [1m[31mROLLBACK[0m
  ↳ app/controllers/users_controller.rb:13
Completed 500 Internal Server Error in 112ms (ActiveRecord: 19.8ms)



NoMethodError - undefined method `<<' for nil:NilClass:
  app/controllers/users_controller.rb:17:in `create'

Started POST "/__better_errors/97234d11cd5a9a52/variables" for ::1 at 2022-03-15 12:02:21 -0400
Started GET "/users/new" for ::1 at 2022-03-15 12:03:00 -0400
Processing by UsersController#new as HTML
  [1m[36mUser Load (3.1ms)[0m  [1m[34mSELECT  "users".* FROM "users" WHERE "users"."session_token" IS NULL LIMIT $1[0m  [["LIMIT", 1]]
  ↳ app/controllers/application_controller.rb:3
  Rendering users/new.html.erb within layouts/application
  Rendered users/new.html.erb within layouts/application (2.2ms)
Completed 200 OK in 117ms (Views: 90.9ms | ActiveRecord: 10.6ms)


Started POST "/users" for ::1 at 2022-03-15 12:03:05 -0400
Processing by UsersController#create as HTML
  Parameters: {"authenticity_token"=>"TbuTFqyeT23DYeALaF5vraDxM0+xwcE/MgTgxLvYsbApRO+bYYxsLJ4GJUn3LT+31AodsNXgCIs2lPvCSixPDA==", "user"=>{":email"=>"joe@test.com", ":password"=>"[FILTERED]"}}
  [1m[36mUser Load (1.4ms)[0m  [1m[34mSELECT  "users".* FROM "users" WHERE "users"."session_token" IS NULL LIMIT $1[0m  [["LIMIT", 1]]
  ↳ app/controllers/application_controller.rb:3
Unpermitted parameters: ::email, ::password
  [1m[35m (0.7ms)[0m  [1m[35mBEGIN[0m
  ↳ app/controllers/users_controller.rb:13
  [1m[36mUser Exists (2.9ms)[0m  [1m[34mSELECT  1 AS one FROM "users" WHERE "users"."email" IS NULL LIMIT $1[0m  [["LIMIT", 1]]
  ↳ app/controllers/users_controller.rb:13
  [1m[36mUser Exists (2.4ms)[0m  [1m[34mSELECT  1 AS one FROM "users" WHERE "users"."session_token" IS NULL LIMIT $1[0m  [["LIMIT", 1]]
  ↳ app/controllers/users_controller.rb:13
  [1m[35m (0.9ms)[0m  [1m[31mROLLBACK[0m
  ↳ app/controllers/users_controller.rb:13
  Rendering users/new.html.erb within layouts/application
  Rendered users/new.html.erb within layouts/application (1.5ms)
Completed 200 OK in 118ms (Views: 64.4ms | ActiveRecord: 20.6ms)


Started GET "/users" for ::1 at 2022-03-15 12:03:46 -0400
  
ActionController::RoutingError (No route matches [GET] "/users"):
  
actionpack (5.2.7) lib/action_dispatch/middleware/debug_exceptions.rb:65:in `call'
web-console (3.7.0) lib/web_console/middleware.rb:135:in `call_app'
web-console (3.7.0) lib/web_console/middleware.rb:30:in `block in call'
web-console (3.7.0) lib/web_console/middleware.rb:20:in `catch'
web-console (3.7.0) lib/web_console/middleware.rb:20:in `call'
actionpack (5.2.7) lib/action_dispatch/middleware/show_exceptions.rb:33:in `call'
railties (5.2.7) lib/rails/rack/logger.rb:38:in `call_app'
railties (5.2.7) lib/rails/rack/logger.rb:26:in `block in call'
activesupport (5.2.7) lib/active_support/tagged_logging.rb:71:in `block in tagged'
activesupport (5.2.7) lib/active_support/tagged_logging.rb:28:in `tagged'
activesupport (5.2.7) lib/active_support/tagged_logging.rb:71:in `tagged'
railties (5.2.7) lib/rails/rack/logger.rb:26:in `call'
sprockets-rails (3.4.2) lib/sprockets/rails/quiet_assets.rb:13:in `call'
actionpack (5.2.7) lib/action_dispatch/middleware/remote_ip.rb:81:in `call'
actionpack (5.2.7) lib/action_dispatch/middleware/request_id.rb:27:in `call'
rack (2.2.3) lib/rack/method_override.rb:24:in `call'
rack (2.2.3) lib/rack/runtime.rb:22:in `call'
activesupport (5.2.7) lib/active_support/cache/strategy/local_cache_middleware.rb:29:in `call'
actionpack (5.2.7) lib/action_dispatch/middleware/executor.rb:14:in `call'
actionpack (5.2.7) lib/action_dispatch/middleware/static.rb:127:in `call'
rack (2.2.3) lib/rack/sendfile.rb:110:in `call'
railties (5.2.7) lib/rails/engine.rb:524:in `call'
puma (3.12.6) lib/puma/configuration.rb:227:in `call'
puma (3.12.6) lib/puma/server.rb:706:in `handle_request'
puma (3.12.6) lib/puma/server.rb:476:in `process_client'
puma (3.12.6) lib/puma/server.rb:334:in `block in run'
puma (3.12.6) lib/puma/thread_pool.rb:135:in `block in spawn_thread'
Started GET "/users/new" for ::1 at 2022-03-15 12:03:51 -0400
Processing by UsersController#new as HTML
  [1m[36mUser Load (0.9ms)[0m  [1m[34mSELECT  "users".* FROM "users" WHERE "users"."session_token" IS NULL LIMIT $1[0m  [["LIMIT", 1]]
  ↳ app/controllers/application_controller.rb:3
  Rendering users/new.html.erb within layouts/application
  Rendered users/new.html.erb within layouts/application (1.0ms)
Completed 200 OK in 70ms (Views: 65.9ms | ActiveRecord: 0.9ms)


Started POST "/users" for ::1 at 2022-03-15 12:03:59 -0400
Processing by UsersController#create as HTML
  Parameters: {"authenticity_token"=>"vf+5qEuPgFuYaYNSJXBUHrvkVBVEyxw2AwHLfe0x1xDZAMUlhp2jGsUORhC6AwQEzx966iDq1YIHkdB7HMUprA==", "user"=>{"email"=>"joe@test.com", "password"=>"[FILTERED]"}}
  [1m[36mUser Load (0.5ms)[0m  [1m[34mSELECT  "users".* FROM "users" WHERE "users"."session_token" IS NULL LIMIT $1[0m  [["LIMIT", 1]]
  ↳ app/controllers/application_controller.rb:3
  [1m[35m (0.2ms)[0m  [1m[35mBEGIN[0m
  ↳ app/controllers/users_controller.rb:13
  [1m[36mUser Exists (1.2ms)[0m  [1m[34mSELECT  1 AS one FROM "users" WHERE "users"."email" = $1 LIMIT $2[0m  [["email", "joe@test.com"], ["LIMIT", 1]]
  ↳ app/controllers/users_controller.rb:13
  [1m[36mUser Exists (1.2ms)[0m  [1m[34mSELECT  1 AS one FROM "users" WHERE "users"."session_token" IS NULL LIMIT $1[0m  [["LIMIT", 1]]
  ↳ app/controllers/users_controller.rb:13
  [1m[35m (1.8ms)[0m  [1m[31mROLLBACK[0m
  ↳ app/controllers/users_controller.rb:13
  Rendering users/new.html.erb within layouts/application
  Rendered users/new.html.erb within layouts/application (1.7ms)
Completed 200 OK in 409ms (Views: 76.6ms | ActiveRecord: 5.0ms)


Started POST "/users" for ::1 at 2022-03-15 12:05:01 -0400
Processing by UsersController#create as HTML
  Parameters: {"authenticity_token"=>"q3x2xVfONfaYtu4l6mmLx0lMmslRMxO3jSxH+7ICDbHPgwpImtwWt8XRK2d1GtvdPbe0NjUS2gOJvFz9Q/bzDQ==", "user"=>{"email"=>"joe@test.com", "password"=>"[FILTERED]"}}
  [1m[36mUser Load (0.5ms)[0m  [1m[34mSELECT  "users".* FROM "users" WHERE "users"."session_token" IS NULL LIMIT $1[0m  [["LIMIT", 1]]
  ↳ app/controllers/application_controller.rb:3
Started GET "/users/new" for ::1 at 2022-03-15 12:06:04 -0400
  [1m[35m (1.1ms)[0m  [1m[34mSELECT "schema_migrations"."version" FROM "schema_migrations" ORDER BY "schema_migrations"."version" ASC[0m
  ↳ /Users/appacademystudent/.rbenv/versions/2.5.1/lib/ruby/gems/2.5.0/gems/activerecord-5.2.7/lib/active_record/log_subscriber.rb:98
Processing by UsersController#new as HTML
  [1m[36mUser Load (1.2ms)[0m  [1m[34mSELECT  "users".* FROM "users" WHERE "users"."session_token" IS NULL LIMIT $1[0m  [["LIMIT", 1]]
  ↳ app/controllers/application_controller.rb:3
  Rendering users/new.html.erb within layouts/application
  Rendered users/new.html.erb within layouts/application (2.4ms)
Completed 200 OK in 304ms (Views: 278.3ms | ActiveRecord: 6.7ms)


Started POST "/users" for ::1 at 2022-03-15 12:06:11 -0400
Processing by UsersController#create as HTML
  Parameters: {"authenticity_token"=>"SrkPTbjuXqJ+7RrGQocvZFT6yfuDrc38nf+j9UsnfSAuRnPAdfx94yOK34Td9H9+IAHnBOeMBEiZb7jzutODnA==", "user"=>{"email"=>"joe@test.com", "password"=>"[FILTERED]"}}
  [1m[36mUser Load (0.6ms)[0m  [1m[34mSELECT  "users".* FROM "users" WHERE "users"."session_token" IS NULL LIMIT $1[0m  [["LIMIT", 1]]
  ↳ app/controllers/application_controller.rb:3
  [1m[35m (0.2ms)[0m  [1m[35mBEGIN[0m
  ↳ app/controllers/users_controller.rb:14
  [1m[36mUser Exists (0.8ms)[0m  [1m[34mSELECT  1 AS one FROM "users" WHERE "users"."email" = $1 LIMIT $2[0m  [["email", "joe@test.com"], ["LIMIT", 1]]
  ↳ app/controllers/users_controller.rb:14
  [1m[36mUser Exists (1.0ms)[0m  [1m[34mSELECT  1 AS one FROM "users" WHERE "users"."session_token" = $1 LIMIT $2[0m  [["session_token", "b2W2oOw4rlFiAgeEJ_zCng"], ["LIMIT", 1]]
  ↳ app/controllers/users_controller.rb:14
  [1m[36mUser Create (5.6ms)[0m  [1m[32mINSERT INTO "users" ("email", "password_digest", "session_token", "created_at", "updated_at") VALUES ($1, $2, $3, $4, $5) RETURNING "id"[0m  [["email", "joe@test.com"], ["password_digest", "$2a$12$YBTWyM1/BIQTCaI/ojE5BepW6lYfyfNhNKeI9XJIW8P7HHBjiMdp."], ["session_token", "b2W2oOw4rlFiAgeEJ_zCng"], ["created_at", "2022-03-15 16:06:11.724294"], ["updated_at", "2022-03-15 16:06:11.724294"]]
  ↳ app/controllers/users_controller.rb:14
  [1m[35m (3.8ms)[0m  [1m[35mCOMMIT[0m
  ↳ app/controllers/users_controller.rb:14
  [1m[35m (0.3ms)[0m  [1m[35mBEGIN[0m
  ↳ app/models/user.rb:38
  [1m[36mUser Exists (11.1ms)[0m  [1m[34mSELECT  1 AS one FROM "users" WHERE "users"."email" = $1 AND "users"."id" != $2 LIMIT $3[0m  [["email", "joe@test.com"], ["id", 1], ["LIMIT", 1]]
  ↳ app/models/user.rb:38
  [1m[36mUser Exists (1.7ms)[0m  [1m[34mSELECT  1 AS one FROM "users" WHERE "users"."session_token" = $1 AND "users"."id" != $2 LIMIT $3[0m  [["session_token", "KoNK4BCaLZy17YcYY4mocw"], ["id", 1], ["LIMIT", 1]]
  ↳ app/models/user.rb:38
  [1m[36mUser Update (4.1ms)[0m  [1m[33mUPDATE "users" SET "session_token" = $1, "updated_at" = $2 WHERE "users"."id" = $3[0m  [["session_token", "KoNK4BCaLZy17YcYY4mocw"], ["updated_at", "2022-03-15 16:06:11.786995"], ["id", 1]]
  ↳ app/models/user.rb:38
  [1m[35m (4.2ms)[0m  [1m[35mCOMMIT[0m
  ↳ app/models/user.rb:38
Completed 500 Internal Server Error in 486ms (ActiveRecord: 48.6ms)



NoMethodError - undefined method `session_tokeno' for #<User:0x00007f8d6acf1c88>
Did you mean?  session_token
               session_token=
               session_token?
               session_token_was:
  app/models/user.rb:39:in `reset_session_token!'
  app/controllers/application_controller.rb:11:in `log_in_user!'
  app/controllers/users_controller.rb:15:in `create'

Started POST "/__better_errors/38681cbd58a9d0b1/variables" for ::1 at 2022-03-15 12:06:11 -0400
Started GET "/users/new" for ::1 at 2022-03-15 12:06:22 -0400
Processing by UsersController#new as HTML
  [1m[36mUser Load (1.5ms)[0m  [1m[34mSELECT  "users".* FROM "users" WHERE "users"."session_token" IS NULL LIMIT $1[0m  [["LIMIT", 1]]
  ↳ app/controllers/application_controller.rb:3
  Rendering users/new.html.erb within layouts/application
  Rendered users/new.html.erb within layouts/application (1.6ms)
Completed 200 OK in 86ms (Views: 65.1ms | ActiveRecord: 7.7ms)


Started POST "/users" for ::1 at 2022-03-15 12:06:26 -0400
Processing by UsersController#create as HTML
  Parameters: {"authenticity_token"=>"TRz5NQLNqOgAAtRhiiMhZGLnrAE32afRXXpqub1PM10p44W4z9+LqV1lESMVUHF+FhyC/lP4bmVZ6nG/TLvN4Q==", "user"=>{"email"=>"joe@test.com", "password"=>"[FILTERED]"}}
  [1m[36mUser Load (3.3ms)[0m  [1m[34mSELECT  "users".* FROM "users" WHERE "users"."session_token" IS NULL LIMIT $1[0m  [["LIMIT", 1]]
  ↳ app/controllers/application_controller.rb:3
  [1m[35m (0.3ms)[0m  [1m[35mBEGIN[0m
  ↳ app/controllers/users_controller.rb:14
  [1m[36mUser Exists (0.7ms)[0m  [1m[34mSELECT  1 AS one FROM "users" WHERE "users"."email" = $1 LIMIT $2[0m  [["email", "joe@test.com"], ["LIMIT", 1]]
  ↳ app/controllers/users_controller.rb:14
  [1m[36mUser Exists (4.1ms)[0m  [1m[34mSELECT  1 AS one FROM "users" WHERE "users"."session_token" = $1 LIMIT $2[0m  [["session_token", "83o-9O3HUcBlheBv165TsQ"], ["LIMIT", 1]]
  ↳ app/controllers/users_controller.rb:14
  [1m[35m (0.3ms)[0m  [1m[31mROLLBACK[0m
  ↳ app/controllers/users_controller.rb:14
  Rendering users/new.html.erb within layouts/application
  Rendered users/new.html.erb within layouts/application (2.4ms)
Completed 200 OK in 431ms (Views: 71.8ms | ActiveRecord: 17.7ms)


Started POST "/users" for ::1 at 2022-03-15 12:06:42 -0400
Processing by UsersController#create as HTML
  Parameters: {"authenticity_token"=>"XWaD+5YKVHoT6HaY+xensNoZuzm3NPZzIJHsCtXFfVQ5mf92Wxh3O06Ps9pkZPeqruKVxtMVP8ckAfcMJDGD6A==", "user"=>{"email"=>"joe@test.com", "password"=>"[FILTERED]"}}
  [1m[36mUser Load (0.5ms)[0m  [1m[34mSELECT  "users".* FROM "users" WHERE "users"."session_token" IS NULL LIMIT $1[0m  [["LIMIT", 1]]
  ↳ app/controllers/application_controller.rb:3
Started GET "/users/new" for ::1 at 2022-03-15 12:08:13 -0400
  [1m[35m (1.3ms)[0m  [1m[34mSELECT "schema_migrations"."version" FROM "schema_migrations" ORDER BY "schema_migrations"."version" ASC[0m
  ↳ /Users/appacademystudent/.rbenv/versions/2.5.1/lib/ruby/gems/2.5.0/gems/activerecord-5.2.7/lib/active_record/log_subscriber.rb:98
Processing by UsersController#new as HTML
  [1m[36mUser Load (1.1ms)[0m  [1m[34mSELECT  "users".* FROM "users" WHERE "users"."session_token" IS NULL LIMIT $1[0m  [["LIMIT", 1]]
  ↳ app/controllers/application_controller.rb:3
  Rendering users/new.html.erb within layouts/application
  Rendered users/new.html.erb within layouts/application (7.2ms)
Completed 200 OK in 344ms (Views: 322.9ms | ActiveRecord: 6.3ms)


Started GET "/users/new" for ::1 at 2022-03-15 12:08:21 -0400
Processing by UsersController#new as HTML
  [1m[36mUser Load (1.8ms)[0m  [1m[34mSELECT  "users".* FROM "users" WHERE "users"."session_token" IS NULL LIMIT $1[0m  [["LIMIT", 1]]
  ↳ app/controllers/application_controller.rb:3
  Rendering users/new.html.erb within layouts/application
  Rendered users/new.html.erb within layouts/application (2.8ms)
Completed 200 OK in 61ms (Views: 55.9ms | ActiveRecord: 1.8ms)


Started GET "/users/new" for ::1 at 2022-03-15 12:08:22 -0400
Processing by UsersController#new as HTML
  [1m[36mUser Load (1.1ms)[0m  [1m[34mSELECT  "users".* FROM "users" WHERE "users"."session_token" IS NULL LIMIT $1[0m  [["LIMIT", 1]]
  ↳ app/controllers/application_controller.rb:3
  Rendering users/new.html.erb within layouts/application
  Rendered users/new.html.erb within layouts/application (0.9ms)
Completed 200 OK in 64ms (Views: 60.3ms | ActiveRecord: 1.1ms)


Started GET "/users/new" for ::1 at 2022-03-15 12:08:39 -0400
Processing by UsersController#new as HTML
  [1m[36mUser Load (0.7ms)[0m  [1m[34mSELECT  "users".* FROM "users" WHERE "users"."session_token" IS NULL LIMIT $1[0m  [["LIMIT", 1]]
  ↳ app/controllers/application_controller.rb:3
  Rendering users/new.html.erb within layouts/application
  Rendered users/new.html.erb within layouts/application (1.3ms)
Completed 200 OK in 102ms (Views: 100.0ms | ActiveRecord: 0.7ms)


Started POST "/users" for ::1 at 2022-03-15 12:08:44 -0400
Processing by UsersController#create as HTML
  Parameters: {"authenticity_token"=>"CH/CEbY/59Uv/z1x0B1+j0ew5xCuCK1qaAsuCAwIvqpsgL6cey3ElHKY+DNPbi6VM0vJ78opZN5smzUO/fxAFg==", "user"=>{"email"=>"joe@test.com", "password"=>"[FILTERED]"}}
  [1m[36mUser Load (0.5ms)[0m  [1m[34mSELECT  "users".* FROM "users" WHERE "users"."session_token" IS NULL LIMIT $1[0m  [["LIMIT", 1]]
  ↳ app/controllers/application_controller.rb:3
  [1m[35m (0.2ms)[0m  [1m[35mBEGIN[0m
  ↳ app/controllers/users_controller.rb:13
  [1m[36mUser Exists (0.9ms)[0m  [1m[34mSELECT  1 AS one FROM "users" WHERE "users"."email" = $1 LIMIT $2[0m  [["email", "joe@test.com"], ["LIMIT", 1]]
  ↳ app/controllers/users_controller.rb:13
  [1m[36mUser Exists (1.2ms)[0m  [1m[34mSELECT  1 AS one FROM "users" WHERE "users"."session_token" = $1 LIMIT $2[0m  [["session_token", "Niu63ZlcjjbGFcy2o500MA"], ["LIMIT", 1]]
  ↳ app/controllers/users_controller.rb:13
  [1m[35m (0.7ms)[0m  [1m[31mROLLBACK[0m
  ↳ app/controllers/users_controller.rb:13
  Rendering users/new.html.erb within layouts/application
  Rendered users/new.html.erb within layouts/application (1.1ms)
Completed 200 OK in 408ms (Views: 55.8ms | ActiveRecord: 18.2ms)


Started POST "/users" for ::1 at 2022-03-15 12:08:59 -0400
Processing by UsersController#create as HTML
  Parameters: {"authenticity_token"=>"ILeLXJT5/KjAgbbYfpdKiN1QRho/jWL+wMNHhxrs+jZESPfRWevf6Z3mc5rh5BqSqato5Vusq0rEU1yB6xgEig==", "user"=>{"email"=>"test@test.com", "password"=>"[FILTERED]"}}
  [1m[36mUser Load (3.0ms)[0m  [1m[34mSELECT  "users".* FROM "users" WHERE "users"."session_token" IS NULL LIMIT $1[0m  [["LIMIT", 1]]
  ↳ app/controllers/application_controller.rb:3
  [1m[35m (0.3ms)[0m  [1m[35mBEGIN[0m
  ↳ app/controllers/users_controller.rb:13
  [1m[36mUser Exists (0.5ms)[0m  [1m[34mSELECT  1 AS one FROM "users" WHERE "users"."email" = $1 LIMIT $2[0m  [["email", "test@test.com"], ["LIMIT", 1]]
  ↳ app/controllers/users_controller.rb:13
  [1m[36mUser Exists (0.7ms)[0m  [1m[34mSELECT  1 AS one FROM "users" WHERE "users"."session_token" = $1 LIMIT $2[0m  [["session_token", "u_J-t7irh11nHsRBCfISaw"], ["LIMIT", 1]]
  ↳ app/controllers/users_controller.rb:13
  [1m[36mUser Create (1.9ms)[0m  [1m[32mINSERT INTO "users" ("email", "password_digest", "session_token", "created_at", "updated_at") VALUES ($1, $2, $3, $4, $5) RETURNING "id"[0m  [["email", "test@test.com"], ["password_digest", "$2a$12$CjbVq6z3.7rHz/pkrgSbUOKtL4kkWjc929mNLft5Gs1L0P/NbwtOe"], ["session_token", "u_J-t7irh11nHsRBCfISaw"], ["created_at", "2022-03-15 16:08:59.598385"], ["updated_at", "2022-03-15 16:08:59.598385"]]
  ↳ app/controllers/users_controller.rb:13
  [1m[35m (2.5ms)[0m  [1m[35mCOMMIT[0m
  ↳ app/controllers/users_controller.rb:13
  [1m[35m (0.4ms)[0m  [1m[35mBEGIN[0m
  ↳ app/models/user.rb:38
  [1m[36mUser Exists (0.7ms)[0m  [1m[34mSELECT  1 AS one FROM "users" WHERE "users"."email" = $1 AND "users"."id" != $2 LIMIT $3[0m  [["email", "test@test.com"], ["id", 2], ["LIMIT", 1]]
  ↳ app/models/user.rb:38
  [1m[36mUser Exists (0.9ms)[0m  [1m[34mSELECT  1 AS one FROM "users" WHERE "users"."session_token" = $1 AND "users"."id" != $2 LIMIT $3[0m  [["session_token", "X8AWIgkbMPgBLmgIK5DGMQ"], ["id", 2], ["LIMIT", 1]]
  ↳ app/models/user.rb:38
  [1m[36mUser Update (1.1ms)[0m  [1m[33mUPDATE "users" SET "session_token" = $1, "updated_at" = $2 WHERE "users"."id" = $3[0m  [["session_token", "X8AWIgkbMPgBLmgIK5DGMQ"], ["updated_at", "2022-03-15 16:08:59.665970"], ["id", 2]]
  ↳ app/models/user.rb:38
  [1m[35m (2.8ms)[0m  [1m[35mCOMMIT[0m
  ↳ app/models/user.rb:38
Redirected to http://localhost:3000/users/2
Completed 302 Found in 425ms (ActiveRecord: 14.6ms)


Started GET "/users/2" for ::1 at 2022-03-15 12:08:59 -0400
Processing by UsersController#show as HTML
  Parameters: {"id"=>"2"}
  [1m[36mUser Load (3.5ms)[0m  [1m[34mSELECT  "users".* FROM "users" WHERE "users"."session_token" = $1 LIMIT $2[0m  [["session_token", "X8AWIgkbMPgBLmgIK5DGMQ"], ["LIMIT", 1]]
  ↳ app/controllers/application_controller.rb:3
  [1m[36mUser Load (0.9ms)[0m  [1m[34mSELECT  "users".* FROM "users" WHERE "users"."id" = $1 LIMIT $2[0m  [["id", 2], ["LIMIT", 1]]
  ↳ app/controllers/users_controller.rb:23
  Rendering users/show.html.erb within layouts/application
  Rendered users/show.html.erb within layouts/application (1.0ms)
Completed 200 OK in 67ms (Views: 54.5ms | ActiveRecord: 4.8ms)


